<?xml version="1.0" encoding="UTF-8"?>
<testng-results ignored="0" total="1" passed="1" failed="0" skipped="0">
  <reporter-output>
  </reporter-output>
  <suite started-at="2024-10-23T13:13:04 IST" name="Default suite" finished-at="2024-10-23T13:13:04 IST" duration-ms="43">
    <groups>
    </groups>
    <test started-at="2024-10-23T13:13:04 IST" name="Default test" finished-at="2024-10-23T13:13:04 IST" duration-ms="43">
      <class name="Demo.TestScript1Test">
        <test-method signature="m1()[pri:0, instance:Demo.TestScript1Test@1de76cc7]" started-at="2024-10-23T13:13:04 IST" name="m1" finished-at="2024-10-23T13:13:04 IST" duration-ms="7" status="PASS">
          <reporter-output>
          </reporter-output>
        </test-method> <!-- m1 -->
      </class> <!-- Demo.TestScript1Test -->
    </test> <!-- Default test -->
  </suite> <!-- Default suite -->
</testng-results>
